*************------------------------------------*************
**********         Batch Results Processing         **********

Started at 	2024-08-22 18:59:19
ProjectName: 	Plane Flow Sim [Default]

Creating Report: flow simulation report.dot:
Fld: 		
2024-08-22 18:59:19 build Report: flow simulation report.dot started
2024-08-22 18:59:19 build Report: flow simulation report.dot ended. time spent: [0.00 sec]
 done.
2024-08-22 18:59:19 export Report: flow simulation report.dot started
2024-08-22 18:59:19 export Report: flow simulation report.dot ended. time spent: [0.06 sec]
	Report: flow simulation report.dot -> C:\Users\anwar\OneDrive\Documents\RC_PLANE_PROJECT\RC-Plane\CAD\SolidWorks\1\1_.
 done.


Creating Report: flow simulation report.dotx:
Fld: 		
2024-08-22 18:59:19 build Report: flow simulation report.dotx started
2024-08-22 18:59:19 build Report: flow simulation report.dotx ended. time spent: [0.00 sec]
 done.
2024-08-22 18:59:19 export Report: flow simulation report.dotx started
2024-08-22 18:59:19 export Report: flow simulation report.dotx ended. time spent: [0.00 sec]
	Report: flow simulation report.dotx -> C:\Users\anwar\OneDrive\Documents\RC_PLANE_PROJECT\RC-Plane\CAD\SolidWorks\1\1_.
 done.


Creating Report: idf_fullreport.dot:
Fld: 		
2024-08-22 18:59:19 build Report: idf_fullreport.dot started
2024-08-22 18:59:19 build Report: idf_fullreport.dot ended. time spent: [0.00 sec]
 done.
2024-08-22 18:59:19 export Report: idf_fullreport.dot started
2024-08-22 18:59:19 export Report: idf_fullreport.dot ended. time spent: [0.00 sec]
	Report: idf_fullreport.dot -> C:\Users\anwar\OneDrive\Documents\RC_PLANE_PROJECT\RC-Plane\CAD\SolidWorks\1\1_.
 done.


Creating Report: idf_fullreport.dotx:
Fld: 		
2024-08-22 18:59:19 build Report: idf_fullreport.dotx started
2024-08-22 18:59:19 build Report: idf_fullreport.dotx ended. time spent: [0.00 sec]
 done.
2024-08-22 18:59:19 export Report: idf_fullreport.dotx started
2024-08-22 18:59:19 export Report: idf_fullreport.dotx ended. time spent: [0.00 sec]
	Report: idf_fullreport.dotx -> C:\Users\anwar\OneDrive\Documents\RC_PLANE_PROJECT\RC-Plane\CAD\SolidWorks\1\1_.
 done.


Creating Report: idf_fullreport.htm:
Fld: 		
2024-08-22 18:59:19 build Report: idf_fullreport.htm started
2024-08-22 18:59:19 build Report: idf_fullreport.htm ended. time spent: [0.00 sec]
 done.
2024-08-22 18:59:19 export Report: idf_fullreport.htm started
2024-08-22 18:59:19 export Report: idf_fullreport.htm ended. time spent: [0.00 sec]
	Report: idf_fullreport.htm -> C:\Users\anwar\OneDrive\Documents\RC_PLANE_PROJECT\RC-Plane\CAD\SolidWorks\1\1_.
 done.


Creating Report: idf_inputdata.dot:
Fld: 		
2024-08-22 18:59:19 build Report: idf_inputdata.dot started
2024-08-22 18:59:19 build Report: idf_inputdata.dot ended. time spent: [0.00 sec]
 done.
2024-08-22 18:59:19 export Report: idf_inputdata.dot started
2024-08-22 18:59:19 export Report: idf_inputdata.dot ended. time spent: [0.00 sec]
	Report: idf_inputdata.dot -> C:\Users\anwar\OneDrive\Documents\RC_PLANE_PROJECT\RC-Plane\CAD\SolidWorks\1\1_.
 done.


Creating Report: idf_inputdata.dotx:
Fld: 		
2024-08-22 18:59:19 build Report: idf_inputdata.dotx started
2024-08-22 18:59:19 build Report: idf_inputdata.dotx ended. time spent: [0.00 sec]
 done.
2024-08-22 18:59:19 export Report: idf_inputdata.dotx started
2024-08-22 18:59:19 export Report: idf_inputdata.dotx ended. time spent: [0.00 sec]
	Report: idf_inputdata.dotx -> C:\Users\anwar\OneDrive\Documents\RC_PLANE_PROJECT\RC-Plane\CAD\SolidWorks\1\1_.
 done.


Creating Report: idf_inputdata.htm:
Fld: 		
2024-08-22 18:59:19 build Report: idf_inputdata.htm started
2024-08-22 18:59:19 build Report: idf_inputdata.htm ended. time spent: [0.00 sec]
 done.
2024-08-22 18:59:19 export Report: idf_inputdata.htm started
2024-08-22 18:59:19 export Report: idf_inputdata.htm ended. time spent: [0.00 sec]
	Report: idf_inputdata.htm -> C:\Users\anwar\OneDrive\Documents\RC_PLANE_PROJECT\RC-Plane\CAD\SolidWorks\1\1_.
 done.


Creating Report: id_fullreport.dot:
Fld: 		
2024-08-22 18:59:19 build Report: id_fullreport.dot started
2024-08-22 18:59:19 build Report: id_fullreport.dot ended. time spent: [0.00 sec]
 done.
2024-08-22 18:59:19 export Report: id_fullreport.dot started
2024-08-22 18:59:19 export Report: id_fullreport.dot ended. time spent: [0.00 sec]
	Report: id_fullreport.dot -> C:\Users\anwar\OneDrive\Documents\RC_PLANE_PROJECT\RC-Plane\CAD\SolidWorks\1\1_.
 done.


Creating Report: id_fullreport.dotx:
Fld: 		
2024-08-22 18:59:19 build Report: id_fullreport.dotx started
2024-08-22 18:59:19 build Report: id_fullreport.dotx ended. time spent: [0.00 sec]
 done.
2024-08-22 18:59:19 export Report: id_fullreport.dotx started
2024-08-22 18:59:19 export Report: id_fullreport.dotx ended. time spent: [0.00 sec]
	Report: id_fullreport.dotx -> C:\Users\anwar\OneDrive\Documents\RC_PLANE_PROJECT\RC-Plane\CAD\SolidWorks\1\1_.
 done.


Creating Report: id_fullreport.htm:
Fld: 		
2024-08-22 18:59:19 build Report: id_fullreport.htm started
2024-08-22 18:59:19 build Report: id_fullreport.htm ended. time spent: [0.00 sec]
 done.
2024-08-22 18:59:19 export Report: id_fullreport.htm started
2024-08-22 18:59:19 export Report: id_fullreport.htm ended. time spent: [0.00 sec]
	Report: id_fullreport.htm -> C:\Users\anwar\OneDrive\Documents\RC_PLANE_PROJECT\RC-Plane\CAD\SolidWorks\1\1_.
 done.


Creating Report: id_inputdata.dot:
Fld: 		
2024-08-22 18:59:19 build Report: id_inputdata.dot started
2024-08-22 18:59:19 build Report: id_inputdata.dot ended. time spent: [0.00 sec]
 done.
2024-08-22 18:59:19 export Report: id_inputdata.dot started
2024-08-22 18:59:19 export Report: id_inputdata.dot ended. time spent: [0.00 sec]
	Report: id_inputdata.dot -> C:\Users\anwar\OneDrive\Documents\RC_PLANE_PROJECT\RC-Plane\CAD\SolidWorks\1\1_.
 done.


Creating Report: id_inputdata.dotx:
Fld: 		
2024-08-22 18:59:19 build Report: id_inputdata.dotx started
2024-08-22 18:59:19 build Report: id_inputdata.dotx ended. time spent: [0.00 sec]
 done.
2024-08-22 18:59:19 export Report: id_inputdata.dotx started
2024-08-22 18:59:19 export Report: id_inputdata.dotx ended. time spent: [0.00 sec]
	Report: id_inputdata.dotx -> C:\Users\anwar\OneDrive\Documents\RC_PLANE_PROJECT\RC-Plane\CAD\SolidWorks\1\1_.
 done.


Creating Report: id_inputdata.htm:
Fld: 		
2024-08-22 18:59:19 build Report: id_inputdata.htm started
2024-08-22 18:59:19 build Report: id_inputdata.htm ended. time spent: [0.00 sec]
 done.
2024-08-22 18:59:19 export Report: id_inputdata.htm started
2024-08-22 18:59:19 export Report: id_inputdata.htm ended. time spent: [0.00 sec]
	Report: id_inputdata.htm -> C:\Users\anwar\OneDrive\Documents\RC_PLANE_PROJECT\RC-Plane\CAD\SolidWorks\1\1_.
 done.


Creating Report: id_results.dot:
Fld: 		
2024-08-22 18:59:19 build Report: id_results.dot started
2024-08-22 18:59:19 build Report: id_results.dot ended. time spent: [0.00 sec]
 done.
2024-08-22 18:59:19 export Report: id_results.dot started
2024-08-22 18:59:19 export Report: id_results.dot ended. time spent: [0.00 sec]
	Report: id_results.dot -> C:\Users\anwar\OneDrive\Documents\RC_PLANE_PROJECT\RC-Plane\CAD\SolidWorks\1\1_.
 done.


Creating Report: id_results.dotx:
Fld: 		
2024-08-22 18:59:19 build Report: id_results.dotx started
2024-08-22 18:59:19 build Report: id_results.dotx ended. time spent: [0.00 sec]
 done.
2024-08-22 18:59:19 export Report: id_results.dotx started
2024-08-22 18:59:19 export Report: id_results.dotx ended. time spent: [0.00 sec]
	Report: id_results.dotx -> C:\Users\anwar\OneDrive\Documents\RC_PLANE_PROJECT\RC-Plane\CAD\SolidWorks\1\1_.
 done.


Creating Report: id_results.htm:
Fld: 		
2024-08-22 18:59:19 build Report: id_results.htm started
2024-08-22 18:59:19 build Report: id_results.htm ended. time spent: [0.00 sec]
 done.
2024-08-22 18:59:19 export Report: id_results.htm started
2024-08-22 18:59:19 export Report: id_results.htm ended. time spent: [0.00 sec]
	Report: id_results.htm -> C:\Users\anwar\OneDrive\Documents\RC_PLANE_PROJECT\RC-Plane\CAD\SolidWorks\1\1_.
 done.


